<?xml version="1.0" encoding="UTF-8"?>
<testsuite name="com.battlecell.app.feature.player.PlayerCharacterTest" tests="2" skipped="0" failures="0" errors="0" timestamp="2025-11-15T13:39:03" hostname="cursor" time="0.01">
  <properties/>
  <testcase name="gainStatusPointsOnlyIncreasesStatusCurrency" classname="com.battlecell.app.feature.player.PlayerCharacterTest" time="0.009"/>
  <testcase name="gainStatusPointsDoesNotDecreaseLevelWhenRewardIsZero" classname="com.battlecell.app.feature.player.PlayerCharacterTest" time="0.0"/>
  <system-out><![CDATA[]]></system-out>
  <system-err><![CDATA[]]></system-err>
</testsuite>
